# JRE version: OpenJDK Runtime Environment (8.0_152-b01) (build 1.8.0_152-release-1343-b01)
# Java VM: OpenJDK 64-Bit Server VM (25.152-b01 mixed mode windows-amd64 compressed oops)
Heap:
 PSYoungGen      total 186368K, used 107784K [0x00000000e0000000, 0x00000000ec480000, 0x0000000100000000)
  eden space 172032K, 54% used [0x00000000e0000000,0x00000000e5c3b648,0x00000000ea800000)
  from space 14336K, 93% used [0x00000000ea800000,0x00000000eb506b88,0x00000000eb600000)
  to   space 12800K, 0% used [0x00000000eb600000,0x00000000eb600000,0x00000000ec280000)
 ParOldGen       total 84480K, used 32917K [0x00000000a0000000, 0x00000000a5280000, 0x00000000e0000000)
  object space 84480K, 38% used [0x00000000a0000000,0x00000000a20257a0,0x00000000a5280000)
 Metaspace       used 67741K, capacity 70064K, committed 70360K, reserved 1110016K
  class space    used 9167K, capacity 9675K, committed 9728K, reserved 1048576K
GC Heap History (10 events):
Event: 12.920 GC heap before
{Heap before GC invocations=14 (full 2):
 PSYoungGen      total 141824K, used 2636K [0x00000000e0000000, 0x00000000ea080000, 0x0000000100000000)
  eden space 133120K, 0% used [0x00000000e0000000,0x00000000e0000000,0x00000000e8200000)
  from space 8704K, 30% used [0x00000000e8a80000,0x00000000e8d13010,0x00000000e9300000)
  to   space 8704K, 0% used [0x00000000e8200000,0x00000000e8200000,0x00000000e8a80000)
 ParOldGen       total 32256K, used 14727K [0x00000000a0000000, 0x00000000a1f80000, 0x00000000e0000000)
  object space 32256K, 45% used [0x00000000a0000000,0x00000000a0e61db0,0x00000000a1f80000)
 Metaspace       used 34792K, capacity 35406K, committed 35456K, reserved 1079296K
  class space    used 4796K, capacity 4992K, committed 4992K, reserved 1048576K
Event: 13.073 GC heap after
Heap after GC invocations=14 (full 2):
 PSYoungGen      total 141824K, used 0K [0x00000000e0000000, 0x00000000ea080000, 0x0000000100000000)
  eden space 133120K, 0% used [0x00000000e0000000,0x00000000e0000000,0x00000000e8200000)
  from space 8704K, 0% used [0x00000000e8a80000,0x00000000e8a80000,0x00000000e9300000)
  to   space 8704K, 0% used [0x00000000e8200000,0x00000000e8200000,0x00000000e8a80000)
 ParOldGen       total 51200K, used 15595K [0x00000000a0000000, 0x00000000a3200000, 0x00000000e0000000)
  object space 51200K, 30% used [0x00000000a0000000,0x00000000a0f3ac50,0x00000000a3200000)
 Metaspace       used 34792K, capacity 35406K, committed 35456K, reserved 1079296K
  class space    used 4796K, capacity 4992K, committed 4992K, reserved 1048576K
}
Event: 16.945 GC heap before
{Heap before GC invocations=15 (full 2):
 PSYoungGen      total 141824K, used 133120K [0x00000000e0000000, 0x00000000ea080000, 0x0000000100000000)
  eden space 133120K, 100% used [0x00000000e0000000,0x00000000e8200000,0x00000000e8200000)
  from space 8704K, 0% used [0x00000000e8a80000,0x00000000e8a80000,0x00000000e9300000)
  to   space 8704K, 0% used [0x00000000e8200000,0x00000000e8200000,0x00000000e8a80000)
 ParOldGen       total 51200K, used 15595K [0x00000000a0000000, 0x00000000a3200000, 0x00000000e0000000)
  object space 51200K, 30% used [0x00000000a0000000,0x00000000a0f3ac50,0x00000000a3200000)
 Metaspace       used 46958K, capacity 47930K, committed 48256K, reserved 1091584K
  class space    used 6386K, capacity 6678K, committed 6784K, reserved 1048576K
Event: 16.991 GC heap after
Heap after GC invocations=15 (full 2):
 PSYoungGen      total 141824K, used 8682K [0x00000000e0000000, 0x00000000ec280000, 0x0000000100000000)
  eden space 133120K, 0% used [0x00000000e0000000,0x00000000e0000000,0x00000000e8200000)
  from space 8704K, 99% used [0x00000000e8200000,0x00000000e8a7a828,0x00000000e8a80000)
  to   space 12800K, 0% used [0x00000000eb600000,0x00000000eb600000,0x00000000ec280000)
 ParOldGen       total 51200K, used 23437K [0x00000000a0000000, 0x00000000a3200000, 0x00000000e0000000)
  object space 51200K, 45% used [0x00000000a0000000,0x00000000a16e3518,0x00000000a3200000)
 Metaspace       used 46958K, capacity 47930K, committed 48256K, reserved 1091584K
  class space    used 6386K, capacity 6678K, committed 6784K, reserved 1048576K
}
Event: 19.938 GC heap before
{Heap before GC invocations=16 (full 2):
 PSYoungGen      total 141824K, used 111383K [0x00000000e0000000, 0x00000000ec280000, 0x0000000100000000)
  eden space 133120K, 77% used [0x00000000e0000000,0x00000000e644b520,0x00000000e8200000)
  from space 8704K, 99% used [0x00000000e8200000,0x00000000e8a7a828,0x00000000e8a80000)
  to   space 12800K, 0% used [0x00000000eb600000,0x00000000eb600000,0x00000000ec280000)
 ParOldGen       total 51200K, used 23437K [0x00000000a0000000, 0x00000000a3200000, 0x00000000e0000000)
  object space 51200K, 45% used [0x00000000a0000000,0x00000000a16e3518,0x00000000a3200000)
 Metaspace       used 57537K, capacity 59006K, committed 59096K, reserved 1099776K
  class space    used 7784K, capacity 8162K, committed 8192K, reserved 1048576K
Event: 19.986 GC heap after
Heap after GC invocations=16 (full 2):
 PSYoungGen      total 184832K, used 11480K [0x00000000e0000000, 0x00000000ec480000, 0x0000000100000000)
  eden space 172032K, 0% used [0x00000000e0000000,0x00000000e0000000,0x00000000ea800000)
  from space 12800K, 89% used [0x00000000eb600000,0x00000000ec1360c0,0x00000000ec280000)
  to   space 14336K, 0% used [0x00000000ea800000,0x00000000ea800000,0x00000000eb600000)
 ParOldGen       total 51200K, used 31365K [0x00000000a0000000, 0x00000000a3200000, 0x00000000e0000000)
  object space 51200K, 61% used [0x00000000a0000000,0x00000000a1ea1570,0x00000000a3200000)
 Metaspace       used 57537K, capacity 59006K, committed 59096K, reserved 1099776K
  class space    used 7784K, capacity 8162K, committed 8192K, reserved 1048576K
}
Event: 19.986 GC heap before
{Heap before GC invocations=17 (full 3):
 PSYoungGen      total 184832K, used 11480K [0x00000000e0000000, 0x00000000ec480000, 0x0000000100000000)
  eden space 172032K, 0% used [0x00000000e0000000,0x00000000e0000000,0x00000000ea800000)
  from space 12800K, 89% used [0x00000000eb600000,0x00000000ec1360c0,0x00000000ec280000)
  to   space 14336K, 0% used [0x00000000ea800000,0x00000000ea800000,0x00000000eb600000)
 ParOldGen       total 51200K, used 31365K [0x00000000a0000000, 0x00000000a3200000, 0x00000000e0000000)
  object space 51200K, 61% used [0x00000000a0000000,0x00000000a1ea1570,0x00000000a3200000)
 Metaspace       used 57537K, capacity 59006K, committed 59096K, reserved 1099776K
  class space    used 7784K, capacity 8162K, committed 8192K, reserved 1048576K
Event: 20.395 GC heap after
Heap after GC invocations=17 (full 3):
 PSYoungGen      total 184832K, used 0K [0x00000000e0000000, 0x00000000ec480000, 0x0000000100000000)
  eden space 172032K, 0% used [0x00000000e0000000,0x00000000e0000000,0x00000000ea800000)
  from space 12800K, 0% used [0x00000000eb600000,0x00000000eb600000,0x00000000ec280000)
  to   space 14336K, 0% used [0x00000000ea800000,0x00000000ea800000,0x00000000eb600000)
 ParOldGen       total 84480K, used 32909K [0x00000000a0000000, 0x00000000a5280000, 0x00000000e0000000)
  object space 84480K, 38% used [0x00000000a0000000,0x00000000a20237a0,0x00000000a5280000)
 Metaspace       used 57537K, capacity 59006K, committed 59096K, reserved 1099776K
  class space    used 7784K, capacity 8162K, committed 8192K, reserved 1048576K
}
Event: 26.976 GC heap before
{Heap before GC invocations=18 (full 3):
 PSYoungGen      total 184832K, used 172032K [0x00000000e0000000, 0x00000000ec480000, 0x0000000100000000)
  eden space 172032K, 100% used [0x00000000e0000000,0x00000000ea800000,0x00000000ea800000)
  from space 12800K, 0% used [0x00000000eb600000,0x00000000eb600000,0x00000000ec280000)
  to   space 14336K, 0% used [0x00000000ea800000,0x00000000ea800000,0x00000000eb600000)
 ParOldGen       total 84480K, used 32909K [0x00000000a0000000, 0x00000000a5280000, 0x00000000e0000000)
  object space 84480K, 38% used [0x00000000a0000000,0x00000000a20237a0,0x00000000a5280000)
 Metaspace       used 62124K, capacity 64042K, committed 64216K, reserved 1103872K
  class space    used 8383K, capacity 8850K, committed 8960K, reserved 1048576K
Event: 27.026 GC heap after
Heap after GC invocations=18 (full 3):
 PSYoungGen      total 186368K, used 13338K [0x00000000e0000000, 0x00000000ec480000, 0x0000000100000000)
  eden space 172032K, 0% used [0x00000000e0000000,0x00000000e0000000,0x00000000ea800000)
  from space 14336K, 93% used [0x00000000ea800000,0x00000000eb506b88,0x00000000eb600000)
  to   space 12800K, 0% used [0x00000000eb600000,0x00000000eb600000,0x00000000ec280000)
 ParOldGen       total 84480K, used 32917K [0x00000000a0000000, 0x00000000a5280000, 0x00000000e0000000)
  object space 84480K, 38% used [0x00000000a0000000,0x00000000a20257a0,0x00000000a5280000)
 Metaspace       used 62124K, capacity 64042K, committed 64216K, reserved 1103872K
  class space    used 8383K, capacity 8850K, committed 8960K, reserved 1048576K
}

