# JRE version: OpenJDK Runtime Environment (8.0_152-b01) (build 1.8.0_152-release-1343-b01)
# Java VM: OpenJDK 64-Bit Server VM (25.152-b01 mixed mode windows-amd64 compressed oops)
Heap:
 PSYoungGen      total 228864K, used 119465K [0x00000000e0000000, 0x00000000f0b80000, 0x0000000100000000)
  eden space 195584K, 52% used [0x00000000e0000000,0x00000000e63e2258,0x00000000ebf00000)
  from space 33280K, 51% used [0x00000000ebf00000,0x00000000ecfc8360,0x00000000edf80000)
  to   space 32768K, 0% used [0x00000000eeb80000,0x00000000eeb80000,0x00000000f0b80000)
 ParOldGen       total 162816K, used 78454K [0x00000000a0000000, 0x00000000a9f00000, 0x00000000e0000000)
  object space 162816K, 48% used [0x00000000a0000000,0x00000000a4c9db10,0x00000000a9f00000)
 Metaspace       used 83547K, capacity 86468K, committed 86680K, reserved 1124352K
  class space    used 10811K, capacity 11381K, committed 11432K, reserved 1048576K
GC Heap History (10 events):
Event: 36.192 GC heap before
{Heap before GC invocations=19 (full 3):
 PSYoungGen      total 182272K, used 181011K [0x00000000e0000000, 0x00000000ee080000, 0x0000000100000000)
  eden space 167936K, 100% used [0x00000000e0000000,0x00000000ea400000,0x00000000ea400000)
  from space 14336K, 91% used [0x00000000ea400000,0x00000000eb0c4d80,0x00000000eb200000)
  to   space 15872K, 0% used [0x00000000ed100000,0x00000000ed100000,0x00000000ee080000)
 ParOldGen       total 85504K, used 32915K [0x00000000a0000000, 0x00000000a5380000, 0x00000000e0000000)
  object space 85504K, 38% used [0x00000000a0000000,0x00000000a2024fe8,0x00000000a5380000)
 Metaspace       used 67174K, capacity 69496K, committed 69784K, reserved 1110016K
  class space    used 9064K, capacity 9563K, committed 9640K, reserved 1048576K
Event: 36.349 GC heap after
Heap after GC invocations=19 (full 3):
 PSYoungGen      total 197632K, used 15840K [0x00000000e0000000, 0x00000000f0480000, 0x0000000100000000)
  eden space 181760K, 0% used [0x00000000e0000000,0x00000000e0000000,0x00000000eb180000)
  from space 15872K, 99% used [0x00000000ed100000,0x00000000ee078170,0x00000000ee080000)
  to   space 32256K, 0% used [0x00000000eb180000,0x00000000eb180000,0x00000000ed100000)
 ParOldGen       total 85504K, used 70021K [0x00000000a0000000, 0x00000000a5380000, 0x00000000e0000000)
  object space 85504K, 81% used [0x00000000a0000000,0x00000000a4461560,0x00000000a5380000)
 Metaspace       used 67174K, capacity 69496K, committed 69784K, reserved 1110016K
  class space    used 9064K, capacity 9563K, committed 9640K, reserved 1048576K
}
Event: 36.349 GC heap before
{Heap before GC invocations=20 (full 4):
 PSYoungGen      total 197632K, used 15840K [0x00000000e0000000, 0x00000000f0480000, 0x0000000100000000)
  eden space 181760K, 0% used [0x00000000e0000000,0x00000000e0000000,0x00000000eb180000)
  from space 15872K, 99% used [0x00000000ed100000,0x00000000ee078170,0x00000000ee080000)
  to   space 32256K, 0% used [0x00000000eb180000,0x00000000eb180000,0x00000000ed100000)
 ParOldGen       total 85504K, used 70021K [0x00000000a0000000, 0x00000000a5380000, 0x00000000e0000000)
  object space 85504K, 81% used [0x00000000a0000000,0x00000000a4461560,0x00000000a5380000)
 Metaspace       used 67174K, capacity 69496K, committed 69784K, reserved 1110016K
  class space    used 9064K, capacity 9563K, committed 9640K, reserved 1048576K
Event: 37.341 GC heap after
Heap after GC invocations=20 (full 4):
 PSYoungGen      total 197632K, used 0K [0x00000000e0000000, 0x00000000f0480000, 0x0000000100000000)
  eden space 181760K, 0% used [0x00000000e0000000,0x00000000e0000000,0x00000000eb180000)
  from space 15872K, 0% used [0x00000000ed100000,0x00000000ed100000,0x00000000ee080000)
  to   space 32256K, 0% used [0x00000000eb180000,0x00000000eb180000,0x00000000ed100000)
 ParOldGen       total 162816K, used 78422K [0x00000000a0000000, 0x00000000a9f00000, 0x00000000e0000000)
  object space 162816K, 48% used [0x00000000a0000000,0x00000000a4c95b10,0x00000000a9f00000)
 Metaspace       used 67123K, capacity 69350K, committed 69784K, reserved 1110016K
  class space    used 9048K, capacity 9534K, committed 9640K, reserved 1048576K
}
Event: 76.199 GC heap before
{Heap before GC invocations=21 (full 4):
 PSYoungGen      total 197632K, used 181760K [0x00000000e0000000, 0x00000000f0480000, 0x0000000100000000)
  eden space 181760K, 100% used [0x00000000e0000000,0x00000000eb180000,0x00000000eb180000)
  from space 15872K, 0% used [0x00000000ed100000,0x00000000ed100000,0x00000000ee080000)
  to   space 32256K, 0% used [0x00000000eb180000,0x00000000eb180000,0x00000000ed100000)
 ParOldGen       total 162816K, used 78422K [0x00000000a0000000, 0x00000000a9f00000, 0x00000000e0000000)
  object space 162816K, 48% used [0x00000000a0000000,0x00000000a4c95b10,0x00000000a9f00000)
 Metaspace       used 70734K, capacity 73330K, committed 73368K, reserved 1112064K
  class space    used 9575K, capacity 10134K, committed 10152K, reserved 1048576K
Event: 76.226 GC heap after
Heap after GC invocations=21 (full 4):
 PSYoungGen      total 214016K, used 7341K [0x00000000e0000000, 0x00000000efe80000, 0x0000000100000000)
  eden space 181760K, 0% used [0x00000000e0000000,0x00000000e0000000,0x00000000eb180000)
  from space 32256K, 22% used [0x00000000eb180000,0x00000000eb8ab608,0x00000000ed100000)
  to   space 30720K, 0% used [0x00000000ee080000,0x00000000ee080000,0x00000000efe80000)
 ParOldGen       total 162816K, used 78430K [0x00000000a0000000, 0x00000000a9f00000, 0x00000000e0000000)
  object space 162816K, 48% used [0x00000000a0000000,0x00000000a4c97b10,0x00000000a9f00000)
 Metaspace       used 70734K, capacity 73330K, committed 73368K, reserved 1112064K
  class space    used 9575K, capacity 10134K, committed 10152K, reserved 1048576K
}
Event: 481.992 GC heap before
{Heap before GC invocations=22 (full 4):
 PSYoungGen      total 214016K, used 189101K [0x00000000e0000000, 0x00000000efe80000, 0x0000000100000000)
  eden space 181760K, 100% used [0x00000000e0000000,0x00000000eb180000,0x00000000eb180000)
  from space 32256K, 22% used [0x00000000eb180000,0x00000000eb8ab608,0x00000000ed100000)
  to   space 30720K, 0% used [0x00000000ee080000,0x00000000ee080000,0x00000000efe80000)
 ParOldGen       total 162816K, used 78430K [0x00000000a0000000, 0x00000000a9f00000, 0x00000000e0000000)
  object space 162816K, 48% used [0x00000000a0000000,0x00000000a4c97b10,0x00000000a9f00000)
 Metaspace       used 76330K, capacity 79126K, committed 79256K, reserved 1118208K
  class space    used 10038K, capacity 10652K, committed 10664K, reserved 1048576K
Event: 482.039 GC heap after
Heap after GC invocations=22 (full 4):
 PSYoungGen      total 226304K, used 22787K [0x00000000e0000000, 0x00000000f0000000, 0x0000000100000000)
  eden space 195584K, 0% used [0x00000000e0000000,0x00000000e0000000,0x00000000ebf00000)
  from space 30720K, 74% used [0x00000000ee080000,0x00000000ef6c0e78,0x00000000efe80000)
  to   space 33280K, 0% used [0x00000000ebf00000,0x00000000ebf00000,0x00000000edf80000)
 ParOldGen       total 162816K, used 78438K [0x00000000a0000000, 0x00000000a9f00000, 0x00000000e0000000)
  object space 162816K, 48% used [0x00000000a0000000,0x00000000a4c99b10,0x00000000a9f00000)
 Metaspace       used 76330K, capacity 79126K, committed 79256K, reserved 1118208K
  class space    used 10038K, capacity 10652K, committed 10664K, reserved 1048576K
}
Event: 504.148 GC heap before
{Heap before GC invocations=23 (full 4):
 PSYoungGen      total 226304K, used 218371K [0x00000000e0000000, 0x00000000f0000000, 0x0000000100000000)
  eden space 195584K, 100% used [0x00000000e0000000,0x00000000ebf00000,0x00000000ebf00000)
  from space 30720K, 74% used [0x00000000ee080000,0x00000000ef6c0e78,0x00000000efe80000)
  to   space 33280K, 0% used [0x00000000ebf00000,0x00000000ebf00000,0x00000000edf80000)
 ParOldGen       total 162816K, used 78438K [0x00000000a0000000, 0x00000000a9f00000, 0x00000000e0000000)
  object space 162816K, 48% used [0x00000000a0000000,0x00000000a4c99b10,0x00000000a9f00000)
 Metaspace       used 83351K, capacity 86222K, committed 86424K, reserved 1124352K
  class space    used 10786K, capacity 11372K, committed 11432K, reserved 1048576K
Event: 504.224 GC heap after
Heap after GC invocations=23 (full 4):
 PSYoungGen      total 228864K, used 17184K [0x00000000e0000000, 0x00000000f0b80000, 0x0000000100000000)
  eden space 195584K, 0% used [0x00000000e0000000,0x00000000e0000000,0x00000000ebf00000)
  from space 33280K, 51% used [0x00000000ebf00000,0x00000000ecfc8360,0x00000000edf80000)
  to   space 32768K, 0% used [0x00000000eeb80000,0x00000000eeb80000,0x00000000f0b80000)
 ParOldGen       total 162816K, used 78454K [0x00000000a0000000, 0x00000000a9f00000, 0x00000000e0000000)
  object space 162816K, 48% used [0x00000000a0000000,0x00000000a4c9db10,0x00000000a9f00000)
 Metaspace       used 83351K, capacity 86222K, committed 86424K, reserved 1124352K
  class space    used 10786K, capacity 11372K, committed 11432K, reserved 1048576K
}

