# JRE version: OpenJDK Runtime Environment (8.0_152-b01) (build 1.8.0_152-release-1343-b01)
# Java VM: OpenJDK 64-Bit Server VM (25.152-b01 mixed mode windows-amd64 compressed oops)
Heap:
 PSYoungGen      total 189952K, used 93839K [0x00000000e0000000, 0x00000000ed080000, 0x0000000100000000)
  eden space 173568K, 44% used [0x00000000e0000000,0x00000000e4ba4fe8,0x00000000ea980000)
  from space 16384K, 99% used [0x00000000ebd80000,0x00000000ecd7efb8,0x00000000ecd80000)
  to   space 19968K, 0% used [0x00000000ea980000,0x00000000ea980000,0x00000000ebd00000)
 ParOldGen       total 93184K, used 37531K [0x00000000a0000000, 0x00000000a5b00000, 0x00000000e0000000)
  object space 93184K, 40% used [0x00000000a0000000,0x00000000a24a6f48,0x00000000a5b00000)
 Metaspace       used 72978K, capacity 75956K, committed 76120K, reserved 1116160K
  class space    used 9625K, capacity 10274K, committed 10368K, reserved 1048576K
GC Heap History (10 events):
Event: 17.943 GC heap before
{Heap before GC invocations=15 (full 2):
 PSYoungGen      total 135680K, used 125440K [0x00000000e0000000, 0x00000000e9e00000, 0x0000000100000000)
  eden space 125440K, 100% used [0x00000000e0000000,0x00000000e7a80000,0x00000000e7a80000)
  from space 10240K, 0% used [0x00000000e8480000,0x00000000e8480000,0x00000000e8e80000)
  to   space 10240K, 0% used [0x00000000e7a80000,0x00000000e7a80000,0x00000000e8480000)
 ParOldGen       total 56320K, used 16238K [0x00000000a0000000, 0x00000000a3700000, 0x00000000e0000000)
  object space 56320K, 28% used [0x00000000a0000000,0x00000000a0fdbab8,0x00000000a3700000)
 Metaspace       used 46498K, capacity 47646K, committed 47872K, reserved 1091584K
  class space    used 6292K, capacity 6603K, committed 6656K, reserved 1048576K
Event: 18.005 GC heap after
Heap after GC invocations=15 (full 2):
 PSYoungGen      total 135680K, used 10211K [0x00000000e0000000, 0x00000000eb300000, 0x0000000100000000)
  eden space 125440K, 0% used [0x00000000e0000000,0x00000000e0000000,0x00000000e7a80000)
  from space 10240K, 99% used [0x00000000e7a80000,0x00000000e8478f80,0x00000000e8480000)
  to   space 13824K, 0% used [0x00000000ea580000,0x00000000ea580000,0x00000000eb300000)
 ParOldGen       total 56320K, used 22197K [0x00000000a0000000, 0x00000000a3700000, 0x00000000e0000000)
  object space 56320K, 39% used [0x00000000a0000000,0x00000000a15ad728,0x00000000a3700000)
 Metaspace       used 46498K, capacity 47646K, committed 47872K, reserved 1091584K
  class space    used 6292K, capacity 6603K, committed 6656K, reserved 1048576K
}
Event: 21.435 GC heap before
{Heap before GC invocations=16 (full 2):
 PSYoungGen      total 135680K, used 124291K [0x00000000e0000000, 0x00000000eb300000, 0x0000000100000000)
  eden space 125440K, 90% used [0x00000000e0000000,0x00000000e6f67e60,0x00000000e7a80000)
  from space 10240K, 99% used [0x00000000e7a80000,0x00000000e8478f80,0x00000000e8480000)
  to   space 13824K, 0% used [0x00000000ea580000,0x00000000ea580000,0x00000000eb300000)
 ParOldGen       total 56320K, used 22197K [0x00000000a0000000, 0x00000000a3700000, 0x00000000e0000000)
  object space 56320K, 39% used [0x00000000a0000000,0x00000000a15ad728,0x00000000a3700000)
 Metaspace       used 57423K, capacity 58980K, committed 59096K, reserved 1099776K
  class space    used 7783K, capacity 8176K, committed 8192K, reserved 1048576K
Event: 21.488 GC heap after
Heap after GC invocations=16 (full 2):
 PSYoungGen      total 167936K, used 12064K [0x00000000e0000000, 0x00000000eb600000, 0x0000000100000000)
  eden space 154112K, 0% used [0x00000000e0000000,0x00000000e0000000,0x00000000e9680000)
  from space 13824K, 87% used [0x00000000ea580000,0x00000000eb1482e8,0x00000000eb300000)
  to   space 15360K, 0% used [0x00000000e9680000,0x00000000e9680000,0x00000000ea580000)
 ParOldGen       total 56320K, used 30003K [0x00000000a0000000, 0x00000000a3700000, 0x00000000e0000000)
  object space 56320K, 53% used [0x00000000a0000000,0x00000000a1d4cfb0,0x00000000a3700000)
 Metaspace       used 57423K, capacity 58980K, committed 59096K, reserved 1099776K
  class space    used 7783K, capacity 8176K, committed 8192K, reserved 1048576K
}
Event: 21.489 GC heap before
{Heap before GC invocations=17 (full 3):
 PSYoungGen      total 167936K, used 12064K [0x00000000e0000000, 0x00000000eb600000, 0x0000000100000000)
  eden space 154112K, 0% used [0x00000000e0000000,0x00000000e0000000,0x00000000e9680000)
  from space 13824K, 87% used [0x00000000ea580000,0x00000000eb1482e8,0x00000000eb300000)
  to   space 15360K, 0% used [0x00000000e9680000,0x00000000e9680000,0x00000000ea580000)
 ParOldGen       total 56320K, used 30003K [0x00000000a0000000, 0x00000000a3700000, 0x00000000e0000000)
  object space 56320K, 53% used [0x00000000a0000000,0x00000000a1d4cfb0,0x00000000a3700000)
 Metaspace       used 57423K, capacity 58980K, committed 59096K, reserved 1099776K
  class space    used 7783K, capacity 8176K, committed 8192K, reserved 1048576K
Event: 21.992 GC heap after
Heap after GC invocations=17 (full 3):
 PSYoungGen      total 167936K, used 0K [0x00000000e0000000, 0x00000000eb600000, 0x0000000100000000)
  eden space 154112K, 0% used [0x00000000e0000000,0x00000000e0000000,0x00000000e9680000)
  from space 13824K, 0% used [0x00000000ea580000,0x00000000ea580000,0x00000000eb300000)
  to   space 15360K, 0% used [0x00000000e9680000,0x00000000e9680000,0x00000000ea580000)
 ParOldGen       total 93184K, used 34299K [0x00000000a0000000, 0x00000000a5b00000, 0x00000000e0000000)
  object space 93184K, 36% used [0x00000000a0000000,0x00000000a217ef98,0x00000000a5b00000)
 Metaspace       used 57423K, capacity 58980K, committed 59096K, reserved 1099776K
  class space    used 7783K, capacity 8176K, committed 8192K, reserved 1048576K
}
Event: 28.006 GC heap before
{Heap before GC invocations=18 (full 3):
 PSYoungGen      total 167936K, used 154112K [0x00000000e0000000, 0x00000000eb600000, 0x0000000100000000)
  eden space 154112K, 100% used [0x00000000e0000000,0x00000000e9680000,0x00000000e9680000)
  from space 13824K, 0% used [0x00000000ea580000,0x00000000ea580000,0x00000000eb300000)
  to   space 15360K, 0% used [0x00000000e9680000,0x00000000e9680000,0x00000000ea580000)
 ParOldGen       total 93184K, used 34299K [0x00000000a0000000, 0x00000000a5b00000, 0x00000000e0000000)
  object space 93184K, 36% used [0x00000000a0000000,0x00000000a217ef98,0x00000000a5b00000)
 Metaspace       used 63273K, capacity 65594K, committed 65752K, reserved 1105920K
  class space    used 8584K, capacity 9133K, committed 9216K, reserved 1048576K
Event: 28.035 GC heap after
Heap after GC invocations=18 (full 3):
 PSYoungGen      total 169472K, used 11070K [0x00000000e0000000, 0x00000000ecd80000, 0x0000000100000000)
  eden space 154112K, 0% used [0x00000000e0000000,0x00000000e0000000,0x00000000e9680000)
  from space 15360K, 72% used [0x00000000e9680000,0x00000000ea14f850,0x00000000ea580000)
  to   space 16384K, 0% used [0x00000000ebd80000,0x00000000ebd80000,0x00000000ecd80000)
 ParOldGen       total 93184K, used 34307K [0x00000000a0000000, 0x00000000a5b00000, 0x00000000e0000000)
  object space 93184K, 36% used [0x00000000a0000000,0x00000000a2180f98,0x00000000a5b00000)
 Metaspace       used 63273K, capacity 65594K, committed 65752K, reserved 1105920K
  class space    used 8584K, capacity 9133K, committed 9216K, reserved 1048576K
}
Event: 57.688 GC heap before
{Heap before GC invocations=19 (full 3):
 PSYoungGen      total 169472K, used 165182K [0x00000000e0000000, 0x00000000ecd80000, 0x0000000100000000)
  eden space 154112K, 100% used [0x00000000e0000000,0x00000000e9680000,0x00000000e9680000)
  from space 15360K, 72% used [0x00000000e9680000,0x00000000ea14f850,0x00000000ea580000)
  to   space 16384K, 0% used [0x00000000ebd80000,0x00000000ebd80000,0x00000000ecd80000)
 ParOldGen       total 93184K, used 34307K [0x00000000a0000000, 0x00000000a5b00000, 0x00000000e0000000)
  object space 93184K, 36% used [0x00000000a0000000,0x00000000a2180f98,0x00000000a5b00000)
 Metaspace       used 69435K, capacity 72090K, committed 72280K, reserved 1112064K
  class space    used 9179K, capacity 9768K, committed 9856K, reserved 1048576K
Event: 57.747 GC heap after
Heap after GC invocations=19 (full 3):
 PSYoungGen      total 189952K, used 16379K [0x00000000e0000000, 0x00000000ed080000, 0x0000000100000000)
  eden space 173568K, 0% used [0x00000000e0000000,0x00000000e0000000,0x00000000ea980000)
  from space 16384K, 99% used [0x00000000ebd80000,0x00000000ecd7efb8,0x00000000ecd80000)
  to   space 19968K, 0% used [0x00000000ea980000,0x00000000ea980000,0x00000000ebd00000)
 ParOldGen       total 93184K, used 37531K [0x00000000a0000000, 0x00000000a5b00000, 0x00000000e0000000)
  object space 93184K, 40% used [0x00000000a0000000,0x00000000a24a6f48,0x00000000a5b00000)
 Metaspace       used 69435K, capacity 72090K, committed 72280K, reserved 1112064K
  class space    used 9179K, capacity 9768K, committed 9856K, reserved 1048576K
}

