# JRE version: OpenJDK Runtime Environment (8.0_152-b01) (build 1.8.0_152-release-1343-b01)
# Java VM: OpenJDK 64-Bit Server VM (25.152-b01 mixed mode windows-amd64 compressed oops)
Heap:
 PSYoungGen      total 474112K, used 97127K [0x00000000e0000000, 0x0000000100000000, 0x0000000100000000)
  eden space 425984K, 11% used [0x00000000e0000000,0x00000000e2fdb868,0x00000000fa000000)
  from space 48128K, 99% used [0x00000000fa000000,0x00000000fcefe6b0,0x00000000fcf00000)
  to   space 50176K, 0% used [0x00000000fcf00000,0x00000000fcf00000,0x0000000100000000)
 ParOldGen       total 140800K, used 62613K [0x00000000a0000000, 0x00000000a8980000, 0x00000000e0000000)
  object space 140800K, 44% used [0x00000000a0000000,0x00000000a3d25630,0x00000000a8980000)
 Metaspace       used 98778K, capacity 102570K, committed 102656K, reserved 1138688K
  class space    used 12273K, capacity 12997K, committed 13056K, reserved 1048576K
GC Heap History (10 events):
Event: 208.905 GC heap before
{Heap before GC invocations=37 (full 4):
 PSYoungGen      total 471552K, used 438864K [0x00000000e0000000, 0x00000000ffb00000, 0x0000000100000000)
  eden space 430080K, 100% used [0x00000000e0000000,0x00000000fa400000,0x00000000fa400000)
  from space 41472K, 21% used [0x00000000fd280000,0x00000000fdb14018,0x00000000ffb00000)
  to   space 44544K, 0% used [0x00000000fa400000,0x00000000fa400000,0x00000000fcf80000)
 ParOldGen       total 140800K, used 54580K [0x00000000a0000000, 0x00000000a8980000, 0x00000000e0000000)
  object space 140800K, 38% used [0x00000000a0000000,0x00000000a354d378,0x00000000a8980000)
 Metaspace       used 89831K, capacity 93050K, committed 93952K, reserved 1130496K
  class space    used 11443K, capacity 12098K, committed 12288K, reserved 1048576K
Event: 208.951 GC heap after
Heap after GC invocations=37 (full 4):
 PSYoungGen      total 474624K, used 32119K [0x00000000e0000000, 0x0000000100000000, 0x0000000100000000)
  eden space 430080K, 0% used [0x00000000e0000000,0x00000000e0000000,0x00000000fa400000)
  from space 44544K, 72% used [0x00000000fa400000,0x00000000fc35de70,0x00000000fcf80000)
  to   space 48128K, 0% used [0x00000000fd100000,0x00000000fd100000,0x0000000100000000)
 ParOldGen       total 140800K, used 54588K [0x00000000a0000000, 0x00000000a8980000, 0x00000000e0000000)
  object space 140800K, 38% used [0x00000000a0000000,0x00000000a354f378,0x00000000a8980000)
 Metaspace       used 89831K, capacity 93050K, committed 93952K, reserved 1130496K
  class space    used 11443K, capacity 12098K, committed 12288K, reserved 1048576K
}
Event: 860.345 GC heap before
{Heap before GC invocations=38 (full 4):
 PSYoungGen      total 474624K, used 462199K [0x00000000e0000000, 0x0000000100000000, 0x0000000100000000)
  eden space 430080K, 100% used [0x00000000e0000000,0x00000000fa400000,0x00000000fa400000)
  from space 44544K, 72% used [0x00000000fa400000,0x00000000fc35de70,0x00000000fcf80000)
  to   space 48128K, 0% used [0x00000000fd100000,0x00000000fd100000,0x0000000100000000)
 ParOldGen       total 140800K, used 54588K [0x00000000a0000000, 0x00000000a8980000, 0x00000000e0000000)
  object space 140800K, 38% used [0x00000000a0000000,0x00000000a354f378,0x00000000a8980000)
 Metaspace       used 96290K, capacity 99948K, committed 100224K, reserved 1136640K
  class space    used 12136K, capacity 12875K, committed 12928K, reserved 1048576K
Event: 860.537 GC heap after
Heap after GC invocations=38 (full 4):
 PSYoungGen      total 477184K, used 12644K [0x00000000e0000000, 0x00000000ffe80000, 0x0000000100000000)
  eden space 430592K, 0% used [0x00000000e0000000,0x00000000e0000000,0x00000000fa480000)
  from space 46592K, 27% used [0x00000000fd100000,0x00000000fdd592e0,0x00000000ffe80000)
  to   space 45568K, 0% used [0x00000000fa480000,0x00000000fa480000,0x00000000fd100000)
 ParOldGen       total 140800K, used 54596K [0x00000000a0000000, 0x00000000a8980000, 0x00000000e0000000)
  object space 140800K, 38% used [0x00000000a0000000,0x00000000a3551378,0x00000000a8980000)
 Metaspace       used 96290K, capacity 99948K, committed 100224K, reserved 1136640K
  class space    used 12136K, capacity 12875K, committed 12928K, reserved 1048576K
}
Event: 888.746 GC heap before
{Heap before GC invocations=39 (full 4):
 PSYoungGen      total 477184K, used 439849K [0x00000000e0000000, 0x00000000ffe80000, 0x0000000100000000)
  eden space 430592K, 99% used [0x00000000e0000000,0x00000000fa131338,0x00000000fa480000)
  from space 46592K, 27% used [0x00000000fd100000,0x00000000fdd592e0,0x00000000ffe80000)
  to   space 45568K, 0% used [0x00000000fa480000,0x00000000fa480000,0x00000000fd100000)
 ParOldGen       total 140800K, used 58692K [0x00000000a0000000, 0x00000000a8980000, 0x00000000e0000000)
  object space 140800K, 41% used [0x00000000a0000000,0x00000000a3951388,0x00000000a8980000)
 Metaspace       used 98301K, capacity 102058K, committed 102400K, reserved 1138688K
  class space    used 12254K, capacity 12988K, committed 13056K, reserved 1048576K
Event: 888.887 GC heap after
Heap after GC invocations=39 (full 4):
 PSYoungGen      total 466944K, used 36214K [0x00000000e0000000, 0x0000000100000000, 0x0000000100000000)
  eden space 430592K, 0% used [0x00000000e0000000,0x00000000e0000000,0x00000000fa480000)
  from space 36352K, 99% used [0x00000000fa480000,0x00000000fc7dd8e8,0x00000000fc800000)
  to   space 50176K, 0% used [0x00000000fcf00000,0x00000000fcf00000,0x0000000100000000)
 ParOldGen       total 140800K, used 58700K [0x00000000a0000000, 0x00000000a8980000, 0x00000000e0000000)
  object space 140800K, 41% used [0x00000000a0000000,0x00000000a3953388,0x00000000a8980000)
 Metaspace       used 98301K, capacity 102058K, committed 102400K, reserved 1138688K
  class space    used 12254K, capacity 12988K, committed 13056K, reserved 1048576K
}
Event: 913.415 GC heap before
{Heap before GC invocations=40 (full 4):
 PSYoungGen      total 466944K, used 466806K [0x00000000e0000000, 0x0000000100000000, 0x0000000100000000)
  eden space 430592K, 100% used [0x00000000e0000000,0x00000000fa480000,0x00000000fa480000)
  from space 36352K, 99% used [0x00000000fa480000,0x00000000fc7dd8e8,0x00000000fc800000)
  to   space 50176K, 0% used [0x00000000fcf00000,0x00000000fcf00000,0x0000000100000000)
 ParOldGen       total 140800K, used 58707K [0x00000000a0000000, 0x00000000a8980000, 0x00000000e0000000)
  object space 140800K, 41% used [0x00000000a0000000,0x00000000a3954c38,0x00000000a8980000)
 Metaspace       used 98673K, capacity 102442K, committed 102656K, reserved 1138688K
  class space    used 12272K, capacity 12997K, committed 13056K, reserved 1048576K
Event: 913.523 GC heap after
Heap after GC invocations=40 (full 4):
 PSYoungGen      total 476160K, used 21770K [0x00000000e0000000, 0x0000000100000000, 0x0000000100000000)
  eden space 425984K, 0% used [0x00000000e0000000,0x00000000e0000000,0x00000000fa000000)
  from space 50176K, 43% used [0x00000000fcf00000,0x00000000fe442a78,0x0000000100000000)
  to   space 48128K, 0% used [0x00000000fa000000,0x00000000fa000000,0x00000000fcf00000)
 ParOldGen       total 140800K, used 58715K [0x00000000a0000000, 0x00000000a8980000, 0x00000000e0000000)
  object space 140800K, 41% used [0x00000000a0000000,0x00000000a3956c38,0x00000000a8980000)
 Metaspace       used 98673K, capacity 102442K, committed 102656K, reserved 1138688K
  class space    used 12272K, capacity 12997K, committed 13056K, reserved 1048576K
}
Event: 931.036 GC heap before
{Heap before GC invocations=41 (full 4):
 PSYoungGen      total 476160K, used 447754K [0x00000000e0000000, 0x0000000100000000, 0x0000000100000000)
  eden space 425984K, 100% used [0x00000000e0000000,0x00000000fa000000,0x00000000fa000000)
  from space 50176K, 43% used [0x00000000fcf00000,0x00000000fe442a78,0x0000000100000000)
  to   space 48128K, 0% used [0x00000000fa000000,0x00000000fa000000,0x00000000fcf00000)
 ParOldGen       total 140800K, used 58715K [0x00000000a0000000, 0x00000000a8980000, 0x00000000e0000000)
  object space 140800K, 41% used [0x00000000a0000000,0x00000000a3956c38,0x00000000a8980000)
 Metaspace       used 98774K, capacity 102570K, committed 102656K, reserved 1138688K
  class space    used 12273K, capacity 12997K, committed 13056K, reserved 1048576K
Event: 931.200 GC heap after
Heap after GC invocations=41 (full 4):
 PSYoungGen      total 474112K, used 48121K [0x00000000e0000000, 0x0000000100000000, 0x0000000100000000)
  eden space 425984K, 0% used [0x00000000e0000000,0x00000000e0000000,0x00000000fa000000)
  from space 48128K, 99% used [0x00000000fa000000,0x00000000fcefe6b0,0x00000000fcf00000)
  to   space 50176K, 0% used [0x00000000fcf00000,0x00000000fcf00000,0x0000000100000000)
 ParOldGen       total 140800K, used 62613K [0x00000000a0000000, 0x00000000a8980000, 0x00000000e0000000)
  object space 140800K, 44% used [0x00000000a0000000,0x00000000a3d25630,0x00000000a8980000)
 Metaspace       used 98774K, capacity 102570K, committed 102656K, reserved 1138688K
  class space    used 12273K, capacity 12997K, committed 13056K, reserved 1048576K
}

