# JRE version: OpenJDK Runtime Environment (8.0_152-b01) (build 1.8.0_152-release-1343-b01)
# Java VM: OpenJDK 64-Bit Server VM (25.152-b01 mixed mode windows-amd64 compressed oops)
Heap:
 PSYoungGen      total 166912K, used 111062K [0x00000000e0000000, 0x00000000eca80000, 0x0000000100000000)
  eden space 152576K, 64% used [0x00000000e0000000,0x00000000e604fec0,0x00000000e9500000)
  from space 14336K, 86% used [0x00000000e9500000,0x00000000ea125b78,0x00000000ea300000)
  to   space 15360K, 0% used [0x00000000ebb80000,0x00000000ebb80000,0x00000000eca80000)
 ParOldGen       total 91648K, used 33333K [0x00000000a0000000, 0x00000000a5980000, 0x00000000e0000000)
  object space 91648K, 36% used [0x00000000a0000000,0x00000000a208d618,0x00000000a5980000)
 Metaspace       used 66579K, capacity 68864K, committed 69016K, reserved 1107968K
  class space    used 9031K, capacity 9561K, committed 9640K, reserved 1048576K
GC Heap History (10 events):
Event: 12.707 GC heap before
{Heap before GC invocations=14 (full 2):
 PSYoungGen      total 136192K, used 3124K [0x00000000e0000000, 0x00000000e9b80000, 0x0000000100000000)
  eden space 127488K, 0% used [0x00000000e0000000,0x00000000e0000000,0x00000000e7c80000)
  from space 8704K, 35% used [0x00000000e8500000,0x00000000e880d310,0x00000000e8d80000)
  to   space 8704K, 0% used [0x00000000e7c80000,0x00000000e7c80000,0x00000000e8500000)
 ParOldGen       total 32768K, used 14818K [0x00000000a0000000, 0x00000000a2000000, 0x00000000e0000000)
  object space 32768K, 45% used [0x00000000a0000000,0x00000000a0e78ad8,0x00000000a2000000)
 Metaspace       used 34773K, capacity 35418K, committed 35496K, reserved 1079296K
  class space    used 4790K, capacity 4994K, committed 5032K, reserved 1048576K
Event: 12.941 GC heap after
Heap after GC invocations=14 (full 2):
 PSYoungGen      total 136192K, used 0K [0x00000000e0000000, 0x00000000e9b80000, 0x0000000100000000)
  eden space 127488K, 0% used [0x00000000e0000000,0x00000000e0000000,0x00000000e7c80000)
  from space 8704K, 0% used [0x00000000e8500000,0x00000000e8500000,0x00000000e8d80000)
  to   space 8704K, 0% used [0x00000000e7c80000,0x00000000e7c80000,0x00000000e8500000)
 ParOldGen       total 54272K, used 15627K [0x00000000a0000000, 0x00000000a3500000, 0x00000000e0000000)
  object space 54272K, 28% used [0x00000000a0000000,0x00000000a0f42cf0,0x00000000a3500000)
 Metaspace       used 34769K, capacity 35406K, committed 35496K, reserved 1079296K
  class space    used 4789K, capacity 4992K, committed 5032K, reserved 1048576K
}
Event: 16.605 GC heap before
{Heap before GC invocations=15 (full 2):
 PSYoungGen      total 136192K, used 127488K [0x00000000e0000000, 0x00000000e9b80000, 0x0000000100000000)
  eden space 127488K, 100% used [0x00000000e0000000,0x00000000e7c80000,0x00000000e7c80000)
  from space 8704K, 0% used [0x00000000e8500000,0x00000000e8500000,0x00000000e8d80000)
  to   space 8704K, 0% used [0x00000000e7c80000,0x00000000e7c80000,0x00000000e8500000)
 ParOldGen       total 54272K, used 15627K [0x00000000a0000000, 0x00000000a3500000, 0x00000000e0000000)
  object space 54272K, 28% used [0x00000000a0000000,0x00000000a0f42cf0,0x00000000a3500000)
 Metaspace       used 46648K, capacity 47710K, committed 47912K, reserved 1091584K
  class space    used 6335K, capacity 6646K, committed 6696K, reserved 1048576K
Event: 16.645 GC heap after
Heap after GC invocations=15 (full 2):
 PSYoungGen      total 136192K, used 8685K [0x00000000e0000000, 0x00000000eaf00000, 0x0000000100000000)
  eden space 127488K, 0% used [0x00000000e0000000,0x00000000e0000000,0x00000000e7c80000)
  from space 8704K, 99% used [0x00000000e7c80000,0x00000000e84fb5f8,0x00000000e8500000)
  to   space 12288K, 0% used [0x00000000ea300000,0x00000000ea300000,0x00000000eaf00000)
 ParOldGen       total 54272K, used 23020K [0x00000000a0000000, 0x00000000a3500000, 0x00000000e0000000)
  object space 54272K, 42% used [0x00000000a0000000,0x00000000a167b0b8,0x00000000a3500000)
 Metaspace       used 46648K, capacity 47710K, committed 47912K, reserved 1091584K
  class space    used 6335K, capacity 6646K, committed 6696K, reserved 1048576K
}
Event: 20.254 GC heap before
{Heap before GC invocations=16 (full 2):
 PSYoungGen      total 136192K, used 117393K [0x00000000e0000000, 0x00000000eaf00000, 0x0000000100000000)
  eden space 127488K, 85% used [0x00000000e0000000,0x00000000e6a29020,0x00000000e7c80000)
  from space 8704K, 99% used [0x00000000e7c80000,0x00000000e84fb5f8,0x00000000e8500000)
  to   space 12288K, 0% used [0x00000000ea300000,0x00000000ea300000,0x00000000eaf00000)
 ParOldGen       total 54272K, used 23020K [0x00000000a0000000, 0x00000000a3500000, 0x00000000e0000000)
  object space 54272K, 42% used [0x00000000a0000000,0x00000000a167b0b8,0x00000000a3500000)
 Metaspace       used 57671K, capacity 59086K, committed 59160K, reserved 1099776K
  class space    used 7802K, capacity 8162K, committed 8232K, reserved 1048576K
Event: 20.325 GC heap after
Heap after GC invocations=16 (full 2):
 PSYoungGen      total 164864K, used 12062K [0x00000000e0000000, 0x00000000eb480000, 0x0000000100000000)
  eden space 152576K, 0% used [0x00000000e0000000,0x00000000e0000000,0x00000000e9500000)
  from space 12288K, 98% used [0x00000000ea300000,0x00000000eaec7a18,0x00000000eaf00000)
  to   space 14336K, 0% used [0x00000000e9500000,0x00000000e9500000,0x00000000ea300000)
 ParOldGen       total 54272K, used 30864K [0x00000000a0000000, 0x00000000a3500000, 0x00000000e0000000)
  object space 54272K, 56% used [0x00000000a0000000,0x00000000a1e24180,0x00000000a3500000)
 Metaspace       used 57671K, capacity 59086K, committed 59160K, reserved 1099776K
  class space    used 7802K, capacity 8162K, committed 8232K, reserved 1048576K
}
Event: 20.325 GC heap before
{Heap before GC invocations=17 (full 3):
 PSYoungGen      total 164864K, used 12062K [0x00000000e0000000, 0x00000000eb480000, 0x0000000100000000)
  eden space 152576K, 0% used [0x00000000e0000000,0x00000000e0000000,0x00000000e9500000)
  from space 12288K, 98% used [0x00000000ea300000,0x00000000eaec7a18,0x00000000eaf00000)
  to   space 14336K, 0% used [0x00000000e9500000,0x00000000e9500000,0x00000000ea300000)
 ParOldGen       total 54272K, used 30864K [0x00000000a0000000, 0x00000000a3500000, 0x00000000e0000000)
  object space 54272K, 56% used [0x00000000a0000000,0x00000000a1e24180,0x00000000a3500000)
 Metaspace       used 57671K, capacity 59086K, committed 59160K, reserved 1099776K
  class space    used 7802K, capacity 8162K, committed 8232K, reserved 1048576K
Event: 20.819 GC heap after
Heap after GC invocations=17 (full 3):
 PSYoungGen      total 164864K, used 0K [0x00000000e0000000, 0x00000000eb480000, 0x0000000100000000)
  eden space 152576K, 0% used [0x00000000e0000000,0x00000000e0000000,0x00000000e9500000)
  from space 12288K, 0% used [0x00000000ea300000,0x00000000ea300000,0x00000000eaf00000)
  to   space 14336K, 0% used [0x00000000e9500000,0x00000000e9500000,0x00000000ea300000)
 ParOldGen       total 91648K, used 33325K [0x00000000a0000000, 0x00000000a5980000, 0x00000000e0000000)
  object space 91648K, 36% used [0x00000000a0000000,0x00000000a208b618,0x00000000a5980000)
 Metaspace       used 57671K, capacity 59086K, committed 59160K, reserved 1099776K
  class space    used 7802K, capacity 8162K, committed 8232K, reserved 1048576K
}
Event: 26.553 GC heap before
{Heap before GC invocations=18 (full 3):
 PSYoungGen      total 164864K, used 152576K [0x00000000e0000000, 0x00000000eb480000, 0x0000000100000000)
  eden space 152576K, 100% used [0x00000000e0000000,0x00000000e9500000,0x00000000e9500000)
  from space 12288K, 0% used [0x00000000ea300000,0x00000000ea300000,0x00000000eaf00000)
  to   space 14336K, 0% used [0x00000000e9500000,0x00000000e9500000,0x00000000ea300000)
 ParOldGen       total 91648K, used 33325K [0x00000000a0000000, 0x00000000a5980000, 0x00000000e0000000)
  object space 91648K, 36% used [0x00000000a0000000,0x00000000a208b618,0x00000000a5980000)
 Metaspace       used 61228K, capacity 63100K, committed 63256K, reserved 1103872K
  class space    used 8277K, capacity 8709K, committed 8744K, reserved 1048576K
Event: 26.594 GC heap after
Heap after GC invocations=18 (full 3):
 PSYoungGen      total 166912K, used 12438K [0x00000000e0000000, 0x00000000eca80000, 0x0000000100000000)
  eden space 152576K, 0% used [0x00000000e0000000,0x00000000e0000000,0x00000000e9500000)
  from space 14336K, 86% used [0x00000000e9500000,0x00000000ea125b78,0x00000000ea300000)
  to   space 15360K, 0% used [0x00000000ebb80000,0x00000000ebb80000,0x00000000eca80000)
 ParOldGen       total 91648K, used 33333K [0x00000000a0000000, 0x00000000a5980000, 0x00000000e0000000)
  object space 91648K, 36% used [0x00000000a0000000,0x00000000a208d618,0x00000000a5980000)
 Metaspace       used 61228K, capacity 63100K, committed 63256K, reserved 1103872K
  class space    used 8277K, capacity 8709K, committed 8744K, reserved 1048576K
}

