# JRE version: OpenJDK Runtime Environment (8.0_152-b01) (build 1.8.0_152-release-1343-b01)
# Java VM: OpenJDK 64-Bit Server VM (25.152-b01 mixed mode windows-amd64 compressed oops)
Heap:
 PSYoungGen      total 317440K, used 209552K [0x00000000e0000000, 0x00000000f7e80000, 0x0000000100000000)
  eden space 253440K, 67% used [0x00000000e0000000,0x00000000ea733080,0x00000000ef780000)
  from space 64000K, 59% used [0x00000000f4000000,0x00000000f6571308,0x00000000f7e80000)
  to   space 69120K, 0% used [0x00000000ef780000,0x00000000ef780000,0x00000000f3b00000)
 ParOldGen       total 131584K, used 93846K [0x00000000a0000000, 0x00000000a8080000, 0x00000000e0000000)
  object space 131584K, 71% used [0x00000000a0000000,0x00000000a5ba5b60,0x00000000a8080000)
 Metaspace       used 101181K, capacity 107482K, committed 107648K, reserved 1142784K
  class space    used 12612K, capacity 13669K, committed 13696K, reserved 1048576K
GC Heap History (10 events):
Event: 5245.414 GC heap before
{Heap before GC invocations=48 (full 4):
 PSYoungGen      total 246784K, used 242846K [0x00000000e0000000, 0x00000000f4b80000, 0x0000000100000000)
  eden space 193536K, 100% used [0x00000000e0000000,0x00000000ebd00000,0x00000000ebd00000)
  from space 53248K, 92% used [0x00000000ebd00000,0x00000000eed27a98,0x00000000ef100000)
  to   space 60416K, 0% used [0x00000000f1080000,0x00000000f1080000,0x00000000f4b80000)
 ParOldGen       total 131584K, used 91406K [0x00000000a0000000, 0x00000000a8080000, 0x00000000e0000000)
  object space 131584K, 69% used [0x00000000a0000000,0x00000000a5943838,0x00000000a8080000)
 Metaspace       used 99176K, capacity 103902K, committed 104064K, reserved 1140736K
  class space    used 12287K, capacity 13143K, committed 13184K, reserved 1048576K
Event: 5245.531 GC heap after
Heap after GC invocations=48 (full 4):
 PSYoungGen      total 275968K, used 41882K [0x00000000e0000000, 0x00000000f4e80000, 0x0000000100000000)
  eden space 215552K, 0% used [0x00000000e0000000,0x00000000e0000000,0x00000000ed280000)
  from space 60416K, 69% used [0x00000000f1080000,0x00000000f3966a20,0x00000000f4b80000)
  to   space 63488K, 0% used [0x00000000ed280000,0x00000000ed280000,0x00000000f1080000)
 ParOldGen       total 131584K, used 93471K [0x00000000a0000000, 0x00000000a8080000, 0x00000000e0000000)
  object space 131584K, 71% used [0x00000000a0000000,0x00000000a5b47fd8,0x00000000a8080000)
 Metaspace       used 99176K, capacity 103902K, committed 104064K, reserved 1140736K
  class space    used 12287K, capacity 13143K, committed 13184K, reserved 1048576K
}
Event: 6127.886 GC heap before
{Heap before GC invocations=49 (full 4):
 PSYoungGen      total 275968K, used 257434K [0x00000000e0000000, 0x00000000f4e80000, 0x0000000100000000)
  eden space 215552K, 100% used [0x00000000e0000000,0x00000000ed280000,0x00000000ed280000)
  from space 60416K, 69% used [0x00000000f1080000,0x00000000f3966a20,0x00000000f4b80000)
  to   space 63488K, 0% used [0x00000000ed280000,0x00000000ed280000,0x00000000f1080000)
 ParOldGen       total 131584K, used 93471K [0x00000000a0000000, 0x00000000a8080000, 0x00000000e0000000)
  object space 131584K, 71% used [0x00000000a0000000,0x00000000a5b47fd8,0x00000000a8080000)
 Metaspace       used 99298K, capacity 104118K, committed 104320K, reserved 1140736K
  class space    used 12296K, capacity 13157K, committed 13184K, reserved 1048576K
Event: 6128.387 GC heap after
Heap after GC invocations=49 (full 4):
 PSYoungGen      total 279040K, used 38810K [0x00000000e0000000, 0x00000000f6400000, 0x0000000100000000)
  eden space 215552K, 0% used [0x00000000e0000000,0x00000000e0000000,0x00000000ed280000)
  from space 63488K, 61% used [0x00000000ed280000,0x00000000ef866b98,0x00000000f1080000)
  to   space 64000K, 0% used [0x00000000f2580000,0x00000000f2580000,0x00000000f6400000)
 ParOldGen       total 131584K, used 93846K [0x00000000a0000000, 0x00000000a8080000, 0x00000000e0000000)
  object space 131584K, 71% used [0x00000000a0000000,0x00000000a5ba5b60,0x00000000a8080000)
 Metaspace       used 99298K, capacity 104118K, committed 104320K, reserved 1140736K
  class space    used 12296K, capacity 13157K, committed 13184K, reserved 1048576K
}
Event: 6846.526 GC heap before
{Heap before GC invocations=50 (full 4):
 PSYoungGen      total 279040K, used 252195K [0x00000000e0000000, 0x00000000f6400000, 0x0000000100000000)
  eden space 215552K, 98% used [0x00000000e0000000,0x00000000ed062428,0x00000000ed280000)
  from space 63488K, 61% used [0x00000000ed280000,0x00000000ef866b98,0x00000000f1080000)
  to   space 64000K, 0% used [0x00000000f2580000,0x00000000f2580000,0x00000000f6400000)
 ParOldGen       total 131584K, used 93846K [0x00000000a0000000, 0x00000000a8080000, 0x00000000e0000000)
  object space 131584K, 71% used [0x00000000a0000000,0x00000000a5ba5b60,0x00000000a8080000)
 Metaspace       used 100252K, capacity 106138K, committed 106240K, reserved 1142784K
  class space    used 12481K, capacity 13503K, committed 13568K, reserved 1048576K
Event: 6847.471 GC heap after
Heap after GC invocations=50 (full 4):
 PSYoungGen      total 297472K, used 41136K [0x00000000e0000000, 0x00000000f6400000, 0x0000000100000000)
  eden space 233472K, 0% used [0x00000000e0000000,0x00000000e0000000,0x00000000ee400000)
  from space 64000K, 64% used [0x00000000f2580000,0x00000000f4dac360,0x00000000f6400000)
  to   space 65536K, 0% used [0x00000000ee400000,0x00000000ee400000,0x00000000f2400000)
 ParOldGen       total 131584K, used 93846K [0x00000000a0000000, 0x00000000a8080000, 0x00000000e0000000)
  object space 131584K, 71% used [0x00000000a0000000,0x00000000a5ba5b60,0x00000000a8080000)
 Metaspace       used 100252K, capacity 106138K, committed 106240K, reserved 1142784K
  class space    used 12481K, capacity 13503K, committed 13568K, reserved 1048576K
}
Event: 6863.159 GC heap before
{Heap before GC invocations=51 (full 4):
 PSYoungGen      total 297472K, used 272753K [0x00000000e0000000, 0x00000000f6400000, 0x0000000100000000)
  eden space 233472K, 99% used [0x00000000e0000000,0x00000000ee2301d0,0x00000000ee400000)
  from space 64000K, 64% used [0x00000000f2580000,0x00000000f4dac360,0x00000000f6400000)
  to   space 65536K, 0% used [0x00000000ee400000,0x00000000ee400000,0x00000000f2400000)
 ParOldGen       total 131584K, used 93846K [0x00000000a0000000, 0x00000000a8080000, 0x00000000e0000000)
  object space 131584K, 71% used [0x00000000a0000000,0x00000000a5ba5b60,0x00000000a8080000)
 Metaspace       used 100348K, capacity 106292K, committed 106496K, reserved 1142784K
  class space    used 12483K, capacity 13505K, committed 13568K, reserved 1048576K
Event: 6863.644 GC heap after
Heap after GC invocations=51 (full 4):
 PSYoungGen      total 299008K, used 52579K [0x00000000e0000000, 0x00000000f8500000, 0x0000000100000000)
  eden space 233472K, 0% used [0x00000000e0000000,0x00000000e0000000,0x00000000ee400000)
  from space 65536K, 80% used [0x00000000ee400000,0x00000000f1758dd8,0x00000000f2400000)
  to   space 70656K, 0% used [0x00000000f4000000,0x00000000f4000000,0x00000000f8500000)
 ParOldGen       total 131584K, used 93846K [0x00000000a0000000, 0x00000000a8080000, 0x00000000e0000000)
  object space 131584K, 71% used [0x00000000a0000000,0x00000000a5ba5b60,0x00000000a8080000)
 Metaspace       used 100348K, capacity 106292K, committed 106496K, reserved 1142784K
  class space    used 12483K, capacity 13505K, committed 13568K, reserved 1048576K
}
Event: 7140.020 GC heap before
{Heap before GC invocations=52 (full 4):
 PSYoungGen      total 299008K, used 286051K [0x00000000e0000000, 0x00000000f8500000, 0x0000000100000000)
  eden space 233472K, 100% used [0x00000000e0000000,0x00000000ee400000,0x00000000ee400000)
  from space 65536K, 80% used [0x00000000ee400000,0x00000000f1758dd8,0x00000000f2400000)
  to   space 70656K, 0% used [0x00000000f4000000,0x00000000f4000000,0x00000000f8500000)
 ParOldGen       total 131584K, used 93846K [0x00000000a0000000, 0x00000000a8080000, 0x00000000e0000000)
  object space 131584K, 71% used [0x00000000a0000000,0x00000000a5ba5b60,0x00000000a8080000)
 Metaspace       used 101091K, capacity 107392K, committed 107648K, reserved 1142784K
  class space    used 12611K, capacity 13667K, committed 13696K, reserved 1048576K
Event: 7140.352 GC heap after
Heap after GC invocations=52 (full 4):
 PSYoungGen      total 317440K, used 38340K [0x00000000e0000000, 0x00000000f7e80000, 0x0000000100000000)
  eden space 253440K, 0% used [0x00000000e0000000,0x00000000e0000000,0x00000000ef780000)
  from space 64000K, 59% used [0x00000000f4000000,0x00000000f6571308,0x00000000f7e80000)
  to   space 69120K, 0% used [0x00000000ef780000,0x00000000ef780000,0x00000000f3b00000)
 ParOldGen       total 131584K, used 93846K [0x00000000a0000000, 0x00000000a8080000, 0x00000000e0000000)
  object space 131584K, 71% used [0x00000000a0000000,0x00000000a5ba5b60,0x00000000a8080000)
 Metaspace       used 101091K, capacity 107392K, committed 107648K, reserved 1142784K
  class space    used 12611K, capacity 13667K, committed 13696K, reserved 1048576K
}

