# JRE version: OpenJDK Runtime Environment (8.0_152-b01) (build 1.8.0_152-release-1343-b01)
# Java VM: OpenJDK 64-Bit Server VM (25.152-b01 mixed mode windows-amd64 compressed oops)
Heap:
 PSYoungGen      total 193024K, used 113623K [0x00000000e0000000, 0x00000000f0380000, 0x0000000100000000)
  eden space 173056K, 54% used [0x00000000e0000000,0x00000000e5b7a408,0x00000000ea900000)
  from space 19968K, 99% used [0x00000000ec980000,0x00000000edcfb958,0x00000000edd00000)
  to   space 33280K, 0% used [0x00000000ea900000,0x00000000ea900000,0x00000000ec980000)
 ParOldGen       total 90624K, used 63339K [0x00000000a0000000, 0x00000000a5880000, 0x00000000e0000000)
  object space 90624K, 69% used [0x00000000a0000000,0x00000000a3ddad00,0x00000000a5880000)
 Metaspace       used 76611K, capacity 80026K, committed 80216K, reserved 1118208K
  class space    used 10082K, capacity 10758K, committed 10880K, reserved 1048576K
GC Heap History (10 events):
Event: 58.847 GC heap before
{Heap before GC invocations=19 (full 3):
 PSYoungGen      total 141824K, used 126464K [0x00000000e0000000, 0x00000000ebd00000, 0x0000000100000000)
  eden space 126464K, 100% used [0x00000000e0000000,0x00000000e7b80000,0x00000000e7b80000)
  from space 15360K, 0% used [0x00000000e7b80000,0x00000000e7b80000,0x00000000e8a80000)
  to   space 15360K, 0% used [0x00000000eae00000,0x00000000eae00000,0x00000000ebd00000)
 ParOldGen       total 90624K, used 27691K [0x00000000a0000000, 0x00000000a5880000, 0x00000000e0000000)
  object space 90624K, 30% used [0x00000000a0000000,0x00000000a1b0af18,0x00000000a5880000)
 Metaspace       used 61848K, capacity 63672K, committed 63832K, reserved 1103872K
  class space    used 8347K, capacity 8801K, committed 8832K, reserved 1048576K
Event: 58.878 GC heap after
Heap after GC invocations=19 (full 3):
 PSYoungGen      total 163328K, used 10543K [0x00000000e0000000, 0x00000000eb880000, 0x0000000100000000)
  eden space 152576K, 0% used [0x00000000e0000000,0x00000000e0000000,0x00000000e9500000)
  from space 10752K, 98% used [0x00000000eae00000,0x00000000eb84bc28,0x00000000eb880000)
  to   space 15872K, 0% used [0x00000000e9980000,0x00000000e9980000,0x00000000ea900000)
 ParOldGen       total 90624K, used 27699K [0x00000000a0000000, 0x00000000a5880000, 0x00000000e0000000)
  object space 90624K, 30% used [0x00000000a0000000,0x00000000a1b0cf18,0x00000000a5880000)
 Metaspace       used 61848K, capacity 63672K, committed 63832K, reserved 1103872K
  class space    used 8347K, capacity 8801K, committed 8832K, reserved 1048576K
}
Event: 80.951 GC heap before
{Heap before GC invocations=20 (full 3):
 PSYoungGen      total 163328K, used 163119K [0x00000000e0000000, 0x00000000eb880000, 0x0000000100000000)
  eden space 152576K, 100% used [0x00000000e0000000,0x00000000e9500000,0x00000000e9500000)
  from space 10752K, 98% used [0x00000000eae00000,0x00000000eb84bc28,0x00000000eb880000)
  to   space 15872K, 0% used [0x00000000e9980000,0x00000000e9980000,0x00000000ea900000)
 ParOldGen       total 90624K, used 27699K [0x00000000a0000000, 0x00000000a5880000, 0x00000000e0000000)
  object space 90624K, 30% used [0x00000000a0000000,0x00000000a1b0cf18,0x00000000a5880000)
 Metaspace       used 65259K, capacity 67396K, committed 67672K, reserved 1107968K
  class space    used 8743K, capacity 9267K, committed 9344K, reserved 1048576K
Event: 81.001 GC heap after
Heap after GC invocations=20 (full 3):
 PSYoungGen      total 173056K, used 15848K [0x00000000e0000000, 0x00000000ecb00000, 0x0000000100000000)
  eden space 157184K, 0% used [0x00000000e0000000,0x00000000e0000000,0x00000000e9980000)
  from space 15872K, 99% used [0x00000000e9980000,0x00000000ea8fa150,0x00000000ea900000)
  to   space 18432K, 0% used [0x00000000eb900000,0x00000000eb900000,0x00000000ecb00000)
 ParOldGen       total 90624K, used 27771K [0x00000000a0000000, 0x00000000a5880000, 0x00000000e0000000)
  object space 90624K, 30% used [0x00000000a0000000,0x00000000a1b1ef18,0x00000000a5880000)
 Metaspace       used 65259K, capacity 67396K, committed 67672K, reserved 1107968K
  class space    used 8743K, capacity 9267K, committed 9344K, reserved 1048576K
}
Event: 91.667 GC heap before
{Heap before GC invocations=21 (full 3):
 PSYoungGen      total 173056K, used 173032K [0x00000000e0000000, 0x00000000ecb00000, 0x0000000100000000)
  eden space 157184K, 100% used [0x00000000e0000000,0x00000000e9980000,0x00000000e9980000)
  from space 15872K, 99% used [0x00000000e9980000,0x00000000ea8fa150,0x00000000ea900000)
  to   space 18432K, 0% used [0x00000000eb900000,0x00000000eb900000,0x00000000ecb00000)
 ParOldGen       total 90624K, used 27771K [0x00000000a0000000, 0x00000000a5880000, 0x00000000e0000000)
  object space 90624K, 30% used [0x00000000a0000000,0x00000000a1b1ef18,0x00000000a5880000)
 Metaspace       used 74074K, capacity 77346K, committed 77656K, reserved 1116160K
  class space    used 9847K, capacity 10522K, committed 10624K, reserved 1048576K
Event: 91.729 GC heap after
Heap after GC invocations=21 (full 3):
 PSYoungGen      total 186880K, used 17078K [0x00000000e0000000, 0x00000000ed380000, 0x0000000100000000)
  eden space 168448K, 0% used [0x00000000e0000000,0x00000000e0000000,0x00000000ea480000)
  from space 18432K, 92% used [0x00000000eb900000,0x00000000ec9ad958,0x00000000ecb00000)
  to   space 20992K, 0% used [0x00000000ea480000,0x00000000ea480000,0x00000000eb900000)
 ParOldGen       total 90624K, used 35327K [0x00000000a0000000, 0x00000000a5880000, 0x00000000e0000000)
  object space 90624K, 38% used [0x00000000a0000000,0x00000000a227fc88,0x00000000a5880000)
 Metaspace       used 74074K, capacity 77346K, committed 77656K, reserved 1116160K
  class space    used 9847K, capacity 10522K, committed 10624K, reserved 1048576K
}
Event: 97.830 GC heap before
{Heap before GC invocations=22 (full 3):
 PSYoungGen      total 186880K, used 185514K [0x00000000e0000000, 0x00000000ed380000, 0x0000000100000000)
  eden space 168448K, 99% used [0x00000000e0000000,0x00000000ea47d290,0x00000000ea480000)
  from space 18432K, 92% used [0x00000000eb900000,0x00000000ec9ad958,0x00000000ecb00000)
  to   space 20992K, 0% used [0x00000000ea480000,0x00000000ea480000,0x00000000eb900000)
 ParOldGen       total 90624K, used 35327K [0x00000000a0000000, 0x00000000a5880000, 0x00000000e0000000)
  object space 90624K, 38% used [0x00000000a0000000,0x00000000a227fc88,0x00000000a5880000)
 Metaspace       used 75581K, capacity 78908K, committed 79064K, reserved 1118208K
  class space    used 9971K, capacity 10639K, committed 10752K, reserved 1048576K
Event: 97.870 GC heap after
Heap after GC invocations=22 (full 3):
 PSYoungGen      total 189440K, used 10280K [0x00000000e0000000, 0x00000000edd00000, 0x0000000100000000)
  eden space 168448K, 0% used [0x00000000e0000000,0x00000000e0000000,0x00000000ea480000)
  from space 20992K, 48% used [0x00000000ea480000,0x00000000eae8a298,0x00000000eb900000)
  to   space 19968K, 0% used [0x00000000ec980000,0x00000000ec980000,0x00000000edd00000)
 ParOldGen       total 90624K, used 35335K [0x00000000a0000000, 0x00000000a5880000, 0x00000000e0000000)
  object space 90624K, 38% used [0x00000000a0000000,0x00000000a2281c88,0x00000000a5880000)
 Metaspace       used 75581K, capacity 78908K, committed 79064K, reserved 1118208K
  class space    used 9971K, capacity 10639K, committed 10752K, reserved 1048576K
}
Event: 100.375 GC heap before
{Heap before GC invocations=23 (full 3):
 PSYoungGen      total 189440K, used 178728K [0x00000000e0000000, 0x00000000edd00000, 0x0000000100000000)
  eden space 168448K, 100% used [0x00000000e0000000,0x00000000ea480000,0x00000000ea480000)
  from space 20992K, 48% used [0x00000000ea480000,0x00000000eae8a298,0x00000000eb900000)
  to   space 19968K, 0% used [0x00000000ec980000,0x00000000ec980000,0x00000000edd00000)
 ParOldGen       total 90624K, used 35335K [0x00000000a0000000, 0x00000000a5880000, 0x00000000e0000000)
  object space 90624K, 38% used [0x00000000a0000000,0x00000000a2281c88,0x00000000a5880000)
 Metaspace       used 76505K, capacity 79942K, committed 80088K, reserved 1118208K
  class space    used 10078K, capacity 10752K, committed 10752K, reserved 1048576K
Event: 100.494 GC heap after
Heap after GC invocations=23 (full 3):
 PSYoungGen      total 193024K, used 19950K [0x00000000e0000000, 0x00000000f0380000, 0x0000000100000000)
  eden space 173056K, 0% used [0x00000000e0000000,0x00000000e0000000,0x00000000ea900000)
  from space 19968K, 99% used [0x00000000ec980000,0x00000000edcfb958,0x00000000edd00000)
  to   space 33280K, 0% used [0x00000000ea900000,0x00000000ea900000,0x00000000ec980000)
 ParOldGen       total 90624K, used 63339K [0x00000000a0000000, 0x00000000a5880000, 0x00000000e0000000)
  object space 90624K, 69% used [0x00000000a0000000,0x00000000a3ddad00,0x00000000a5880000)
 Metaspace       used 76505K, capacity 79942K, committed 80088K, reserved 1118208K
  class space    used 10078K, capacity 10752K, committed 10752K, reserved 1048576K
}

